2006.08.02 22:36 B C:\Documents and Settings\rchlam\桌面\活動中心\活動中心網頁初稿\from\activity form.pdf <-- AGCFAC /var/www/html/from activity form.pdf
2006.08.02 22:36 B C:\Documents and Settings\rchlam\桌面\活動中心\活動中心網頁初稿\from\member form.pdf <-- AGCFAC /var/www/html/from member form.pdf
2008.03.03 14:34 B C:\AGCFAC website\from\kindergraten form.doc --> ftp.agcfac.sev145.001at.com /var/www/html/from kindergraten form.doc
2008.03.03 14:34 B C:\AGCFAC website\from\primary form.doc --> ftp.agcfac.sev145.001at.com /var/www/html/from primary form.doc
2008.03.03 15:21 B C:\AGCFAC website\from\kindergarten form.doc --> ftp.agcfac.sev145.001at.com /var/www/html/from kindergarten form.doc
2008.03.03 15:22 B C:\AGCFAC website\from\kindergarten form.doc --> ftp.agcfac.sev145.001at.com /var/www/html/from kindergarten form.doc
2008.03.03 15:24 B C:\AGCFAC website\from\kindergarten form.doc --> ftp.agcfac.sev145.001at.com /var/www/html/from kindergarten form.doc
2008.03.18 09:00 B C:\AGCFAC website\from\T_Shirt_form.doc --> ftp.agcfac.sev145.001at.com /var/www/html/from T_Shirt_form.doc
2008.04.22 14:07 B C:\AGCFAC website\from\7to8application from.doc --> ftp.agcfac.sev145.001at.com /var/www/html/from 7to8application from.doc
2009.03.23 16:29 B C:\AGCFAC website\from\summer application from 09.doc --> ftp.agcfac.org.hk /var/www/html/from summer application from 09.doc
2009.03.23 16:29 B C:\AGCFAC website\from\summer coupon09.doc --> ftp.agcfac.org.hk /var/www/html/from summer coupon09.doc
2009.05.29 17:51 B C:\AGCFAC website\from\children2009.pdf --> ftp.agcfac.org.hk /var/www/html/from children2009.pdf
2009.05.29 17:51 B C:\AGCFAC website\from\form2009.pdf --> ftp.agcfac.org.hk /var/www/html/from form2009.pdf
2009.05.29 17:51 B C:\AGCFAC website\from\kid2009.pdf --> ftp.agcfac.org.hk /var/www/html/from kid2009.pdf
2010.04.01 14:36 B C:\AGCFAC website\from\2010summer_applicationForm_coupon.doc --> ftp.agcfac.org.hk /var/www/html/from 2010summer_applicationForm_coupon.doc
2010.07.07 15:40 B C:\AGCFAC website\from\2010summer_applicationForm_coupon.doc --> ftp.agcfac.org.hk /var/www/html/from 2010summer_applicationForm_coupon.doc
2010.07.07 15:40 B C:\AGCFAC website\from\7to8application from.doc --> ftp.agcfac.org.hk /var/www/html/from 7to8application from.doc
2010.07.07 15:40 B C:\AGCFAC website\from\activity form.pdf --> ftp.agcfac.org.hk /var/www/html/from activity form.pdf
2010.07.07 15:40 B C:\AGCFAC website\from\children2009.pdf --> ftp.agcfac.org.hk /var/www/html/from children2009.pdf
2010.07.07 15:40 B C:\AGCFAC website\from\form2009.pdf --> ftp.agcfac.org.hk /var/www/html/from form2009.pdf
2010.07.07 15:40 B C:\AGCFAC website\from\kid2009.pdf --> ftp.agcfac.org.hk /var/www/html/from kid2009.pdf
2010.07.07 15:40 B C:\AGCFAC website\from\kindergarten form.doc --> ftp.agcfac.org.hk /var/www/html/from kindergarten form.doc
2010.07.07 15:40 B C:\AGCFAC website\from\member form.pdf --> ftp.agcfac.org.hk /var/www/html/from member form.pdf
2010.07.07 15:40 B C:\AGCFAC website\from\primary form.doc --> ftp.agcfac.org.hk /var/www/html/from primary form.doc
2010.07.07 15:40 B C:\AGCFAC website\from\T_Shirt_form.doc --> ftp.agcfac.org.hk /var/www/html/from T_Shirt_form.doc
2010.07.07 15:41 B C:\AGCFAC website\from\WS_FTP.LOG --> ftp.agcfac.org.hk /var/www/html/from WS_FTP.LOG
2011.03.31 12:52 B C:\AGCFAC website\from\2011summer_applicationForm_coupon.pdf --> ftp.agcfac.org.hk /httpdocs/from 2011summer_applicationForm_coupon.pdf
2012.03.19 11:33 B C:\AGCFAC website\from\2012summer_applicationForm_coupon.pdf --> ftp.agcfac.org.hk /httpdocs/from 2012summer_applicationForm_coupon.pdf
2014.04.07 14:34 B C:\AGCFAC website\from\2014applicationform.pdf --> ftp.agcfac.org.hk /httpdocs/from 2014applicationform.pdf
