2007.01.09 22:49 B C:\Download\AGCFAC\images\banner.jpg --> www.agcfac.org.hk /var/www/html/images banner.jpg
2007.01.09 22:49 B C:\Download\AGCFAC\images\body_about_us_footer.jpg --> www.agcfac.org.hk /var/www/html/images body_about_us_footer.jpg
2007.01.09 22:49 B C:\Download\AGCFAC\images\body_about_us_header.jpg --> www.agcfac.org.hk /var/www/html/images body_about_us_header.jpg
2007.01.09 22:49 B C:\Download\AGCFAC\images\body_activity_footer.jpg --> www.agcfac.org.hk /var/www/html/images body_activity_footer.jpg
2007.01.09 22:49 B C:\Download\AGCFAC\images\body_activity_header.jpg --> www.agcfac.org.hk /var/www/html/images body_activity_header.jpg
2007.01.09 22:49 B C:\Download\AGCFAC\images\body_contact_footer.jpg --> www.agcfac.org.hk /var/www/html/images body_contact_footer.jpg
2007.01.09 22:49 B C:\Download\AGCFAC\images\body_contact_header.jpg --> www.agcfac.org.hk /var/www/html/images body_contact_header.jpg
2007.01.09 22:49 B C:\Download\AGCFAC\images\body_main_footer.jpg --> www.agcfac.org.hk /var/www/html/images body_main_footer.jpg
2007.01.09 22:49 B C:\Download\AGCFAC\images\body_main_header.jpg --> www.agcfac.org.hk /var/www/html/images body_main_header.jpg
2007.01.09 22:49 B C:\Download\AGCFAC\images\body_newsletter_footer.jpg --> www.agcfac.org.hk /var/www/html/images body_newsletter_footer.jpg
2007.01.09 22:49 B C:\Download\AGCFAC\images\body_newsletter_header.jpg --> www.agcfac.org.hk /var/www/html/images body_newsletter_header.jpg
2007.01.09 22:49 B C:\Download\AGCFAC\images\church_contact.jpg --> www.agcfac.org.hk /var/www/html/images church_contact.jpg
2007.01.09 22:49 B C:\Download\AGCFAC\images\church_logo.jpg --> www.agcfac.org.hk /var/www/html/images church_logo.jpg
2007.01.09 22:49 B C:\Download\AGCFAC\images\clip_image002.jpg --> www.agcfac.org.hk /var/www/html/images clip_image002.jpg
2007.01.09 22:49 B C:\Download\AGCFAC\images\decmarprogram.jpg --> www.agcfac.org.hk /var/www/html/images decmarprogram.jpg
2007.01.09 22:49 B C:\Download\AGCFAC\images\fm14.jpg --> www.agcfac.org.hk /var/www/html/images fm14.jpg
2007.01.09 22:49 B C:\Download\AGCFAC\images\header.jpg --> www.agcfac.org.hk /var/www/html/images header.jpg
2007.01.09 22:49 B C:\Download\AGCFAC\images\header1.jpg --> www.agcfac.org.hk /var/www/html/images header1.jpg
2007.01.09 22:49 B C:\Download\AGCFAC\images\header2.jpg --> www.agcfac.org.hk /var/www/html/images header2.jpg
2007.01.09 22:49 B C:\Download\AGCFAC\images\header3.jpg --> www.agcfac.org.hk /var/www/html/images header3.jpg
2007.01.09 22:49 B C:\Download\AGCFAC\images\header4.jpg --> www.agcfac.org.hk /var/www/html/images header4.jpg
2007.01.09 22:49 B C:\Download\AGCFAC\images\header5.jpg --> www.agcfac.org.hk /var/www/html/images header5.jpg
2007.01.09 22:50 B C:\Download\AGCFAC\images\header6.jpg --> www.agcfac.org.hk /var/www/html/images header6.jpg
2007.01.09 22:50 B C:\Download\AGCFAC\images\luner_newyear.jpg --> www.agcfac.org.hk /var/www/html/images luner_newyear.jpg
2007.01.09 22:50 B C:\Download\AGCFAC\images\map and open hour.jpg --> www.agcfac.org.hk /var/www/html/images map and open hour.jpg
2007.01.10 11:12 B D:\AGCFAC website\images\centre.jpg --> ftp.agcfac.org.hk /var/www/html/images centre.jpg
2007.01.10 11:12 B D:\AGCFAC website\images\centre_counter.jpg --> ftp.agcfac.org.hk /var/www/html/images centre_counter.jpg
2007.02.13 12:46 B D:\AGCFAC website\images\luner_newyear_small.jpg --> ftp.agcfac.org.hk /var/www/html/images luner_newyear_small.jpg
2007.02.13 14:43 B D:\AGCFAC website\images\luner_newyear1_small.jpg --> ftp.agcfac.org.hk /var/www/html/images luner_newyear1_small.jpg
2007.02.13 14:43 B D:\AGCFAC website\images\luner_newyear_small.jpg --> ftp.agcfac.org.hk /var/www/html/images luner_newyear_small.jpg
2007.02.28 10:32 B D:\AGCFAC website\images\apr_to_jun_program.jpg --> ftp.agcfac.org.hk /var/www/html/images apr_to_jun_program.jpg
2007.02.28 10:39 B D:\AGCFAC website\images\activity1.jpg <-- AGCFAC /var/www/html/images activity1.jpg
2007.02.28 10:39 B D:\AGCFAC website\images\activity2.jpg <-- AGCFAC /var/www/html/images activity2.jpg
2007.02.28 10:39 B D:\AGCFAC website\images\apr_to_jun_program.jpg <-- AGCFAC /var/www/html/images apr_to_jun_program.jpg
2007.02.28 10:39 B D:\AGCFAC website\images\body_main_footer.jpg <-- AGCFAC /var/www/html/images body_main_footer.jpg
2007.02.28 10:39 B D:\AGCFAC website\images\body_main_header.jpg <-- AGCFAC /var/www/html/images body_main_header.jpg
2007.02.28 10:39 B D:\AGCFAC website\images\body_photos_footer.jpg <-- AGCFAC /var/www/html/images body_photos_footer.jpg
2007.02.28 10:39 B D:\AGCFAC website\images\body_photos_header.jpg <-- AGCFAC /var/www/html/images body_photos_header.jpg
2007.02.28 10:39 B D:\AGCFAC website\images\CENTRE_LOGO.jpg <-- AGCFAC /var/www/html/images CENTRE_LOGO.jpg
2007.02.28 10:39 B D:\AGCFAC website\images\CENTRE_LOGO1.jpg <-- AGCFAC /var/www/html/images CENTRE_LOGO1.jpg
2007.02.28 10:39 B D:\AGCFAC website\images\church_contact.jpg <-- AGCFAC /var/www/html/images church_contact.jpg
2007.02.28 10:39 B D:\AGCFAC website\images\church_logo.jpg <-- AGCFAC /var/www/html/images church_logo.jpg
2007.02.28 10:39 B D:\AGCFAC website\images\decmarprogram.jpg <-- AGCFAC /var/www/html/images decmarprogram.jpg
2007.02.28 10:39 B D:\AGCFAC website\images\family.jpg <-- AGCFAC /var/www/html/images family.jpg
2007.02.28 10:39 B D:\AGCFAC website\images\family1.jpg <-- AGCFAC /var/www/html/images family1.jpg
2007.02.28 10:39 B D:\AGCFAC website\images\family2.jpg <-- AGCFAC /var/www/html/images family2.jpg
2007.02.28 10:39 B D:\AGCFAC website\images\fm14.jpg <-- AGCFAC /var/www/html/images fm14.jpg
2007.02.28 10:39 B D:\AGCFAC website\images\header.jpg <-- AGCFAC /var/www/html/images header.jpg
2007.02.28 10:39 B D:\AGCFAC website\images\header1.jpg <-- AGCFAC /var/www/html/images header1.jpg
2007.02.28 10:39 B D:\AGCFAC website\images\header2.jpg <-- AGCFAC /var/www/html/images header2.jpg
2007.02.28 10:39 B D:\AGCFAC website\images\header3.jpg <-- AGCFAC /var/www/html/images header3.jpg
2007.02.28 10:39 B D:\AGCFAC website\images\header4.jpg <-- AGCFAC /var/www/html/images header4.jpg
2007.02.28 10:39 B D:\AGCFAC website\images\header5.jpg <-- AGCFAC /var/www/html/images header5.jpg
2007.02.28 10:39 B D:\AGCFAC website\images\header6.jpg <-- AGCFAC /var/www/html/images header6.jpg
2007.02.28 10:39 B D:\AGCFAC website\images\luner_newyear.jpg <-- AGCFAC /var/www/html/images luner_newyear.jpg
2007.02.28 10:39 B D:\AGCFAC website\images\luner_newyear1_small.jpg <-- AGCFAC /var/www/html/images luner_newyear1_small.jpg
2007.02.28 10:39 B D:\AGCFAC website\images\luner_newyear_small.jpg <-- AGCFAC /var/www/html/images luner_newyear_small.jpg
2007.02.28 10:40 B D:\AGCFAC website\images\map and open hour.jpg <-- AGCFAC /var/www/html/images map and open hour.jpg
2007.03.20 12:56 B D:\AGCFAC website\images\gd0102.jpg --> ftp.agcfac.org.hk /var/www/html/images gd0102.jpg
2007.03.20 12:56 B D:\AGCFAC website\images\mm0708.jpg --> ftp.agcfac.org.hk /var/www/html/images mm0708.jpg
2007.05.02 14:40 B D:\AGCFAC website\images\summer_program.jpg --> ftp.agcfac.org.hk /var/www/html/images summer_program.jpg
2007.05.02 15:00 B D:\AGCFAC website\images\police.jpg --> ftp.agcfac.org.hk /var/www/html/images police.jpg
2007.05.02 15:00 B D:\AGCFAC website\images\police1.jpg --> ftp.agcfac.org.hk /var/www/html/images police1.jpg
2007.05.02 15:00 B D:\AGCFAC website\images\police2.jpg --> ftp.agcfac.org.hk /var/www/html/images police2.jpg
2007.05.02 15:16 B D:\AGCFAC website\images\summer_hot.jpg --> ftp.agcfac.org.hk /var/www/html/images summer_hot.jpg
2007.05.03 19:46 B D:\AGCFAC website\images\summer_hot.jpg --> ftp.agcfac.org.hk /var/www/html/images summer_hot.jpg
2007.05.03 20:06 B D:\AGCFAC website\images\body_contact_footer.jpg --> ftp.agcfac.org.hk /var/www/html/images body_contact_footer.jpg
2007.05.03 20:06 B D:\AGCFAC website\images\body_contact_header.jpg --> ftp.agcfac.org.hk /var/www/html/images body_contact_header.jpg
2007.05.03 20:06 B D:\AGCFAC website\images\body_summer_program_footer.jpg --> ftp.agcfac.org.hk /var/www/html/images body_summer_program_footer.jpg
2007.05.03 20:06 B D:\AGCFAC website\images\body_summer_program_header.jpg --> ftp.agcfac.org.hk /var/www/html/images body_summer_program_header.jpg
2007.05.03 20:06 B D:\AGCFAC website\images\header6.jpg --> ftp.agcfac.org.hk /var/www/html/images header6.jpg
2007.05.03 20:17 B D:\AGCFAC website\images\summer_hot.jpg --> ftp.agcfac.org.hk /var/www/html/images summer_hot.jpg
2007.05.03 20:32 B D:\AGCFAC website\images\summer_kid1.jpg --> ftp.agcfac.org.hk /var/www/html/images summer_kid1.jpg
2007.05.03 20:32 B D:\AGCFAC website\images\summer_kid2.jpg --> ftp.agcfac.org.hk /var/www/html/images summer_kid2.jpg
2007.05.03 20:45 B D:\AGCFAC website\images\body_about_us_footer.jpg --> ftp.agcfac.org.hk /var/www/html/images body_about_us_footer.jpg
2007.05.03 20:45 B D:\AGCFAC website\images\body_about_us_header.jpg --> ftp.agcfac.org.hk /var/www/html/images body_about_us_header.jpg
2007.05.03 20:45 B D:\AGCFAC website\images\body_about_us_footer.jpg --> ftp.agcfac.org.hk /var/www/html/images body_about_us_footer.jpg
2007.05.03 20:45 B D:\AGCFAC website\images\body_about_us_header.jpg --> ftp.agcfac.org.hk /var/www/html/images body_about_us_header.jpg
2007.05.03 20:46 B D:\AGCFAC website\images\body_photos_footer.jpg --> ftp.agcfac.org.hk /var/www/html/images body_photos_footer.jpg
2007.05.03 20:46 B D:\AGCFAC website\images\body_photos_header.jpg --> ftp.agcfac.org.hk /var/www/html/images body_photos_header.jpg
2007.05.09 12:16 B D:\AGCFAC website\images\child1.jpg --> ftp.agcfac.org.hk /var/www/html/images child1.jpg
2007.05.09 12:16 B D:\AGCFAC website\images\child2.jpg --> ftp.agcfac.org.hk /var/www/html/images child2.jpg
2007.05.09 12:16 B D:\AGCFAC website\images\gd1.jpg --> ftp.agcfac.org.hk /var/www/html/images gd1.jpg
2007.05.09 12:16 B D:\AGCFAC website\images\gd2.jpg --> ftp.agcfac.org.hk /var/www/html/images gd2.jpg
2007.05.09 12:16 B D:\AGCFAC website\images\visit1.jpg --> ftp.agcfac.org.hk /var/www/html/images visit1.jpg
2007.05.09 12:16 B D:\AGCFAC website\images\youth1.jpg --> ftp.agcfac.org.hk /var/www/html/images youth1.jpg
2007.05.16 15:10 B D:\AGCFAC website\images\body_program_movie_footer.jpg --> ftp.agcfac.org.hk /var/www/html/images body_program_movie_footer.jpg
2007.05.16 15:10 B D:\AGCFAC website\images\body_program_movie_header.jpg --> ftp.agcfac.org.hk /var/www/html/images body_program_movie_header.jpg
2007.05.16 15:10 B D:\AGCFAC website\images\header7.jpg --> ftp.agcfac.org.hk /var/www/html/images header7.jpg
2007.06.05 10:52 B D:\AGCFAC website\images\fm03.jpg --> ftp.agcfac.org.hk /var/www/html/images fm03.jpg
2007.06.05 10:52 B D:\AGCFAC website\images\summer_hot2.jpg --> ftp.agcfac.org.hk /var/www/html/images summer_hot2.jpg
2007.06.05 11:16 B D:\AGCFAC website\images\summer_program2.jpg --> ftp.agcfac.org.hk /var/www/html/images summer_program2.jpg
2007.06.26 13:59 B D:\AGCFAC website\images\video.jpg --> ftp.agcfac.org.hk /var/www/html/images video.jpg
2007.08.25 17:55 B D:\AGCFAC website\images\sep_to_nov1.jpg --> ftp.agcfac.org.hk /var/www/html/images sep_to_nov1.jpg
2007.08.25 17:55 B D:\AGCFAC website\images\sep_to_nov2.jpg --> ftp.agcfac.org.hk /var/www/html/images sep_to_nov2.jpg
2007.11.06 14:37 B D:\AGCFAC website\images\nov_to_jan1.jpg --> ftp.agcfac.org.hk /var/www/html/images nov_to_jan1.jpg
2007.11.17 17:08 B D:\AGCFAC website\images\badminton.jpg --> ftp.agcfac.org.hk /var/www/html/images badminton.jpg
2007.11.17 17:08 B D:\AGCFAC website\images\christmas_bday.jpg --> ftp.agcfac.org.hk /var/www/html/images christmas_bday.jpg
2007.11.17 17:08 B D:\AGCFAC website\images\christmas_party.jpg --> ftp.agcfac.org.hk /var/www/html/images christmas_party.jpg
2007.11.17 17:08 B D:\AGCFAC website\images\daycamp_dec07.jpg --> ftp.agcfac.org.hk /var/www/html/images daycamp_dec07.jpg
2007.11.17 17:08 B D:\AGCFAC website\images\library.jpg --> ftp.agcfac.org.hk /var/www/html/images library.jpg
2008.02.29 13:38 B C:\AGCFAC website\images\badminton.jpg <-- AGCFAC /var/www/html/images badminton.jpg
2008.02.29 13:38 B C:\AGCFAC website\images\body_about_us_footer.jpg <-- AGCFAC /var/www/html/images body_about_us_footer.jpg
2008.02.29 13:38 B C:\AGCFAC website\images\body_about_us_header.jpg <-- AGCFAC /var/www/html/images body_about_us_header.jpg
2008.02.29 13:38 B C:\AGCFAC website\images\body_contact_footer.jpg <-- AGCFAC /var/www/html/images body_contact_footer.jpg
2008.02.29 13:39 B C:\AGCFAC website\images\body_contact_header.jpg <-- AGCFAC /var/www/html/images body_contact_header.jpg
2008.02.29 13:39 B C:\AGCFAC website\images\body_photos_header.jpg <-- AGCFAC /var/www/html/images body_photos_header.jpg
2008.02.29 13:39 B C:\AGCFAC website\images\christmas_bday.jpg <-- AGCFAC /var/www/html/images christmas_bday.jpg
2008.02.29 13:39 B C:\AGCFAC website\images\christmas_party.jpg <-- AGCFAC /var/www/html/images christmas_party.jpg
2008.02.29 13:39 B C:\AGCFAC website\images\daycamp_dec07.jpg <-- AGCFAC /var/www/html/images daycamp_dec07.jpg
2008.02.29 13:39 B C:\AGCFAC website\images\header6.jpg <-- AGCFAC /var/www/html/images header6.jpg
2008.02.29 13:39 B C:\AGCFAC website\images\library.jpg <-- AGCFAC /var/www/html/images library.jpg
2008.02.29 13:39 B C:\AGCFAC website\images\nov_to_jan1.jpg <-- AGCFAC /var/www/html/images nov_to_jan1.jpg
2008.04.10 14:11 B C:\AGCFAC website\images\colour poster.JPG <-- AGCFAC /var/www/html/images colour poster.JPG
2008.04.10 14:11 B C:\AGCFAC website\images\colour poster1.jpg <-- AGCFAC /var/www/html/images colour poster1.jpg
2008.04.10 14:32 B C:\AGCFAC website\images\colour poster.JPG --> ftp.agcfac.sev145.001at.com /var/www/html/images colour poster.JPG
2008.04.10 14:32 B C:\AGCFAC website\images\colour poster1.jpg --> ftp.agcfac.sev145.001at.com /var/www/html/images colour poster1.jpg
2008.04.12 11:01 B C:\AGCFAC website\images\summerpromote.jpg --> ftp.agcfac.sev145.001at.com /var/www/html/images summerpromote.jpg
2008.04.21 14:52 B C:\AGCFAC website\images\april_to_june1.jpg --> ftp.agcfac.sev145.001at.com /var/www/html/images april_to_june1.jpg
2008.04.21 14:52 B C:\AGCFAC website\images\april_to_june2.jpg --> ftp.agcfac.sev145.001at.com /var/www/html/images april_to_june2.jpg
2008.04.22 14:23 B C:\AGCFAC website\images\summer program20081.jpg --> ftp.agcfac.sev145.001at.com /var/www/html/images summer program20081.jpg
2008.04.23 10:46 B C:\AGCFAC website\images\100CASH.jpg --> ftp.agcfac.sev145.001at.com /var/www/html/images 100CASH.jpg
2008.04.23 10:46 B C:\AGCFAC website\images\10CASH.jpg --> ftp.agcfac.sev145.001at.com /var/www/html/images 10CASH.jpg
2008.04.23 10:46 B C:\AGCFAC website\images\20CASH.jpg --> ftp.agcfac.sev145.001at.com /var/www/html/images 20CASH.jpg
2008.04.23 10:46 B C:\AGCFAC website\images\50CASH.jpg --> ftp.agcfac.sev145.001at.com /var/www/html/images 50CASH.jpg
2008.04.23 10:47 B C:\AGCFAC website\images\icon631.gif --> ftp.agcfac.sev145.001at.com /var/www/html/images icon631.gif
2008.09.04 14:22 B C:\AGCFAC website\images\carekid.jpg --> ftp.agcfac.sev145.001at.com /var/www/html/images carekid.jpg
2008.09.04 14:34 B C:\AGCFAC website\images\septooct2008.jpg --> ftp.agcfac.sev145.001at.com /var/www/html/images septooct2008.jpg
2008.09.05 14:10 B C:\AGCFAC website\images\carekid.jpg --> ftp.agcfac.org.hk /var/www/html/images carekid.jpg
2008.09.05 14:10 B C:\AGCFAC website\images\septooct2008.jpg --> ftp.agcfac.org.hk /var/www/html/images septooct2008.jpg
2008.10.08 10:42 B C:\AGCFAC website\images\novdec2008.jpg --> ftp.agcfac.org.hk /var/www/html/images novdec2008.jpg
2008.11.17 12:45 B C:\AGCFAC website\images\family131208.jpg --> ftp.agcfac.org.hk /var/www/html/images family131208.jpg
2008.11.17 12:45 B C:\AGCFAC website\images\family131208_1.jpg --> ftp.agcfac.org.hk /var/www/html/images family131208_1.jpg
2009.01.12 14:55 B C:\AGCFAC website\images\janmar2009.jpg --> ftp.agcfac.org.hk /var/www/html/images janmar2009.jpg
2009.01.17 17:18 B C:\AGCFAC website\images\charity_walk_large.jpg --> ftp.agcfac.org.hk /var/www/html/images charity_walk_large.jpg
2009.01.17 17:18 B C:\AGCFAC website\images\charity_walk_small.jpg --> ftp.agcfac.org.hk /var/www/html/images charity_walk_small.jpg
2009.02.17 16:53 B C:\AGCFAC website\images\flagday070309l.jpg --> ftp.agcfac.org.hk /var/www/html/images flagday070309l.jpg
2009.02.17 16:53 B C:\AGCFAC website\images\flagday070309s.jpg --> ftp.agcfac.org.hk /var/www/html/images flagday070309s.jpg
2009.03.10 16:13 B C:\AGCFAC website\images\fm11.jpg --> ftp.agcfac.org.hk /var/www/html/images fm11.jpg
2009.03.10 16:13 B C:\AGCFAC website\images\fm11s.jpg --> ftp.agcfac.org.hk /var/www/html/images fm11s.jpg
2009.03.10 16:13 B C:\AGCFAC website\images\0029.gif --> ftp.agcfac.org.hk /var/www/html/images 0029.gif
2009.03.10 16:13 B C:\AGCFAC website\images\100CASH.jpg --> ftp.agcfac.org.hk /var/www/html/images 100CASH.jpg
2009.03.10 16:13 B C:\AGCFAC website\images\10CASH.jpg --> ftp.agcfac.org.hk /var/www/html/images 10CASH.jpg
2009.03.10 16:13 B C:\AGCFAC website\images\20CASH.jpg --> ftp.agcfac.org.hk /var/www/html/images 20CASH.jpg
2009.03.10 16:13 B C:\AGCFAC website\images\50CASH.jpg --> ftp.agcfac.org.hk /var/www/html/images 50CASH.jpg
2009.03.10 16:13 B C:\AGCFAC website\images\apr_to_jun_program.jpg --> ftp.agcfac.org.hk /var/www/html/images apr_to_jun_program.jpg
2009.03.10 16:13 B C:\AGCFAC website\images\april_to_june1.jpg --> ftp.agcfac.org.hk /var/www/html/images april_to_june1.jpg
2009.03.10 16:13 B C:\AGCFAC website\images\april_to_june2.jpg --> ftp.agcfac.org.hk /var/www/html/images april_to_june2.jpg
2009.03.10 16:13 B C:\AGCFAC website\images\badminton.jpg --> ftp.agcfac.org.hk /var/www/html/images badminton.jpg
2009.03.10 16:13 B C:\AGCFAC website\images\banner.jpg --> ftp.agcfac.org.hk /var/www/html/images banner.jpg
2009.03.10 16:13 B C:\AGCFAC website\images\body_activity_footer.jpg --> ftp.agcfac.org.hk /var/www/html/images body_activity_footer.jpg
2009.03.10 16:13 B C:\AGCFAC website\images\body_activity_header.jpg --> ftp.agcfac.org.hk /var/www/html/images body_activity_header.jpg
2009.03.10 16:13 B C:\AGCFAC website\images\body_main_footer.jpg --> ftp.agcfac.org.hk /var/www/html/images body_main_footer.jpg
2009.03.10 16:13 B C:\AGCFAC website\images\body_main_header.jpg --> ftp.agcfac.org.hk /var/www/html/images body_main_header.jpg
2009.03.10 16:13 B C:\AGCFAC website\images\body_newsletter_footer.jpg --> ftp.agcfac.org.hk /var/www/html/images body_newsletter_footer.jpg
2009.03.10 16:13 B C:\AGCFAC website\images\body_newsletter_header.jpg --> ftp.agcfac.org.hk /var/www/html/images body_newsletter_header.jpg
2009.03.10 16:13 B C:\AGCFAC website\images\body_photos_footer.jpg --> ftp.agcfac.org.hk /var/www/html/images body_photos_footer.jpg
2009.03.10 16:13 B C:\AGCFAC website\images\body_program_movie_footer.jpg --> ftp.agcfac.org.hk /var/www/html/images body_program_movie_footer.jpg
2009.03.10 16:13 B C:\AGCFAC website\images\body_program_movie_header.jpg --> ftp.agcfac.org.hk /var/www/html/images body_program_movie_header.jpg
2009.03.10 16:13 B C:\AGCFAC website\images\body_summer_program_footer.jpg --> ftp.agcfac.org.hk /var/www/html/images body_summer_program_footer.jpg
2009.03.10 16:13 B C:\AGCFAC website\images\body_summer_program_header.jpg --> ftp.agcfac.org.hk /var/www/html/images body_summer_program_header.jpg
2009.03.10 16:13 B C:\AGCFAC website\images\centre.jpg --> ftp.agcfac.org.hk /var/www/html/images centre.jpg
2009.03.10 16:13 B C:\AGCFAC website\images\centre_counter.jpg --> ftp.agcfac.org.hk /var/www/html/images centre_counter.jpg
2009.03.10 16:13 B C:\AGCFAC website\images\charity_walk_large.jpg --> ftp.agcfac.org.hk /var/www/html/images charity_walk_large.jpg
2009.03.10 16:13 B C:\AGCFAC website\images\charity_walk_small.jpg --> ftp.agcfac.org.hk /var/www/html/images charity_walk_small.jpg
2009.03.10 16:13 B C:\AGCFAC website\images\child1.jpg --> ftp.agcfac.org.hk /var/www/html/images child1.jpg
2009.03.10 16:13 B C:\AGCFAC website\images\child2.jpg --> ftp.agcfac.org.hk /var/www/html/images child2.jpg
2009.03.10 16:13 B C:\AGCFAC website\images\christmas_bday.jpg --> ftp.agcfac.org.hk /var/www/html/images christmas_bday.jpg
2009.03.10 16:14 B C:\AGCFAC website\images\christmas_party.jpg --> ftp.agcfac.org.hk /var/www/html/images christmas_party.jpg
2009.03.10 16:14 B C:\AGCFAC website\images\church_contact.jpg --> ftp.agcfac.org.hk /var/www/html/images church_contact.jpg
2009.03.10 16:14 B C:\AGCFAC website\images\church_logo.jpg --> ftp.agcfac.org.hk /var/www/html/images church_logo.jpg
2009.03.10 16:14 B C:\AGCFAC website\images\clip_image002.jpg --> ftp.agcfac.org.hk /var/www/html/images clip_image002.jpg
2009.03.10 16:14 B C:\AGCFAC website\images\colour poster.JPG --> ftp.agcfac.org.hk /var/www/html/images colour poster.JPG
2009.03.10 16:14 B C:\AGCFAC website\images\colour poster1.jpg --> ftp.agcfac.org.hk /var/www/html/images colour poster1.jpg
2009.03.10 16:14 B C:\AGCFAC website\images\daycamp_dec07.jpg --> ftp.agcfac.org.hk /var/www/html/images daycamp_dec07.jpg
2009.03.10 16:14 B C:\AGCFAC website\images\decmarprogram.jpg --> ftp.agcfac.org.hk /var/www/html/images decmarprogram.jpg
2009.03.10 16:14 B C:\AGCFAC website\images\family131208.jpg --> ftp.agcfac.org.hk /var/www/html/images family131208.jpg
2009.03.10 16:14 B C:\AGCFAC website\images\family131208_1.jpg --> ftp.agcfac.org.hk /var/www/html/images family131208_1.jpg
2009.03.10 16:14 B C:\AGCFAC website\images\flagday070309l.jpg --> ftp.agcfac.org.hk /var/www/html/images flagday070309l.jpg
2009.03.10 16:14 B C:\AGCFAC website\images\flagday070309s.jpg --> ftp.agcfac.org.hk /var/www/html/images flagday070309s.jpg
2009.03.10 16:14 B C:\AGCFAC website\images\fm03.jpg --> ftp.agcfac.org.hk /var/www/html/images fm03.jpg
2009.03.10 16:14 B C:\AGCFAC website\images\fm11.jpg --> ftp.agcfac.org.hk /var/www/html/images fm11.jpg
2009.03.10 16:14 B C:\AGCFAC website\images\fm11s.jpg --> ftp.agcfac.org.hk /var/www/html/images fm11s.jpg
2009.03.10 16:14 B C:\AGCFAC website\images\fm14.jpg --> ftp.agcfac.org.hk /var/www/html/images fm14.jpg
2009.03.10 16:14 B C:\AGCFAC website\images\gd0102.jpg --> ftp.agcfac.org.hk /var/www/html/images gd0102.jpg
2009.03.10 16:14 B C:\AGCFAC website\images\gd1.jpg --> ftp.agcfac.org.hk /var/www/html/images gd1.jpg
2009.03.10 16:14 B C:\AGCFAC website\images\gd2.jpg --> ftp.agcfac.org.hk /var/www/html/images gd2.jpg
2009.03.10 16:20 B C:\AGCFAC website\images\header.jpg --> ftp.agcfac.org.hk /var/www/html/images header.jpg
2009.03.13 22:01 B C:\AGCFAC website\images\aprjun2009.jpg --> ftp.agcfac.org.hk /var/www/html/images aprjun2009.jpg
2009.03.23 16:28 B C:\AGCFAC website\images\summer09.jpg --> ftp.agcfac.org.hk /var/www/html/images summer09.jpg
2009.03.23 16:28 B C:\AGCFAC website\images\summer09_1.jpg --> ftp.agcfac.org.hk /var/www/html/images summer09_1.jpg
2009.05.19 11:01 B C:\AGCFAC website\images\fm04_001.jpg --> ftp.agcfac.org.hk /var/www/html/images fm04_001.jpg
2009.05.19 11:01 B C:\AGCFAC website\images\fm05.jpg --> ftp.agcfac.org.hk /var/www/html/images fm05.jpg
2009.05.19 11:02 B C:\AGCFAC website\images\cm15.jpg --> ftp.agcfac.org.hk /var/www/html/images cm15.jpg
2009.05.19 11:02 B C:\AGCFAC website\images\icon670.gif --> ftp.agcfac.org.hk /var/www/html/images icon670.gif
2009.05.30 17:22 B C:\AGCFAC website\images\cm15_001.jpg --> ftp.agcfac.org.hk /var/www/html/images cm15_001.jpg
2009.05.30 17:22 B C:\AGCFAC website\images\cm15_002.jpg --> ftp.agcfac.org.hk /var/www/html/images cm15_002.jpg
2009.06.04 18:36 B C:\AGCFAC website\images\fatherday_001.jpg --> ftp.agcfac.org.hk /var/www/html/images fatherday_001.jpg
2009.06.05 21:41 B C:\AGCFAC website\images\fm05_001.jpg --> ftp.agcfac.org.hk /var/www/html/images fm05_001.jpg
2009.06.22 17:11 B C:\AGCFAC website\images\fm05_002.jpg --> ftp.agcfac.org.hk /var/www/html/images fm05_002.jpg
2009.06.22 17:51 B C:\AGCFAC website\images\fm05_002a.jpg --> ftp.agcfac.org.hk /var/www/html/images fm05_002a.jpg
2009.07.10 16:36 B C:\AGCFAC website\images\fm05_002_1.jpg --> ftp.agcfac.org.hk /var/www/html/images fm05_002_1.jpg
2009.07.10 16:37 B C:\AGCFAC website\images\fm05_002b.jpg --> ftp.agcfac.org.hk /var/www/html/images fm05_002b.jpg
2009.08.17 15:41 B C:\AGCFAC website\images\septonov2009.jpg --> ftp.agcfac.org.hk /var/www/html/images septonov2009.jpg
2009.09.30 10:06 B C:\AGCFAC website\images\birthday party.JPG --> ftp.agcfac.org.hk /var/www/html/images birthday party.JPG
2009.09.30 10:06 B C:\AGCFAC website\images\centre.jpg --> ftp.agcfac.org.hk /var/www/html/images centre.jpg
2009.09.30 10:06 B C:\AGCFAC website\images\centre_counter.jpg --> ftp.agcfac.org.hk /var/www/html/images centre_counter.jpg
2009.09.30 10:06 B C:\AGCFAC website\images\elder computer class.jpg --> ftp.agcfac.org.hk /var/www/html/images elder computer class.jpg
2009.09.30 10:06 B C:\AGCFAC website\images\elder computer class1.jpg --> ftp.agcfac.org.hk /var/www/html/images elder computer class1.jpg
2009.09.30 10:06 B C:\AGCFAC website\images\map.jpg --> ftp.agcfac.org.hk /var/www/html/images map.jpg
2009.09.30 10:06 B C:\AGCFAC website\images\open hour.jpg --> ftp.agcfac.org.hk /var/www/html/images open hour.jpg
2009.11.05 14:00 B C:\AGCFAC website\images\0911-12.jpg --> ftp.agcfac.org.hk /var/www/html/images 0911-12.jpg
2009.11.24 10:54 B C:\AGCFAC website\images\200912GD.jpg --> ftp.agcfac.org.hk /var/www/html/images 200912GD.jpg
2009.12.30 11:19 B C:\AGCFAC website\images\201001-03ACT.jpg --> ftp.agcfac.org.hk /var/www/html/images 201001-03ACT.jpg
2009.12.30 11:19 B C:\AGCFAC website\images\201001-03COVER.jpg --> ftp.agcfac.org.hk /var/www/html/images 201001-03COVER.jpg
2010.01.22 20:47 B C:\AGCFAC website\images\GDCover.JPG --> ftp.agcfac.org.hk /var/www/html/images GDCover.JPG
2010.01.22 20:47 B C:\AGCFAC website\images\CellCover.JPG --> ftp.agcfac.org.hk /var/www/html/images CellCover.JPG
2010.03.12 21:42 B C:\AGCFAC website\images\201004-06cover.jpg --> ftp.agcfac.org.hk /var/www/html/images 201004-06cover.jpg
2010.03.12 21:48 B C:\AGCFAC website\images\20100406cover.jpg --> ftp.agcfac.org.hk /var/www/html/images 20100406cover.jpg
2010.03.12 21:49 B C:\AGCFAC website\images\20100406cover.jpg --> ftp.agcfac.org.hk /var/www/html/images 20100406cover.jpg
2010.03.13 12:34 B C:\AGCFAC website\images\ngipaward.JPG --> ftp.agcfac.org.hk /var/www/html/images ngipaward.JPG
2010.03.29 15:29 B C:\AGCFAC website\images\Summer2010cover.jpg --> ftp.agcfac.org.hk /var/www/html/images Summer2010cover.jpg
2010.07.07 15:41 B C:\AGCFAC website\images\200912GD.jpg --> ftp.agcfac.org.hk /var/www/html/images 200912GD.jpg
2010.07.07 15:41 B C:\AGCFAC website\images\201001-03ACT.jpg --> ftp.agcfac.org.hk /var/www/html/images 201001-03ACT.jpg
2010.07.07 15:41 B C:\AGCFAC website\images\20100406cover.jpg --> ftp.agcfac.org.hk /var/www/html/images 20100406cover.jpg
2010.07.07 15:41 B C:\AGCFAC website\images\aprjun2009.jpg --> ftp.agcfac.org.hk /var/www/html/images aprjun2009.jpg
2010.07.07 15:41 B C:\AGCFAC website\images\CellCover.JPG --> ftp.agcfac.org.hk /var/www/html/images CellCover.JPG
2010.07.07 15:41 B C:\AGCFAC website\images\cm15_001.jpg --> ftp.agcfac.org.hk /var/www/html/images cm15_001.jpg
2010.07.07 15:41 B C:\AGCFAC website\images\cm15_002.jpg --> ftp.agcfac.org.hk /var/www/html/images cm15_002.jpg
2010.07.07 15:41 B C:\AGCFAC website\images\COUPON100.jpg --> ftp.agcfac.org.hk /var/www/html/images COUPON100.jpg
2010.07.07 15:41 B C:\AGCFAC website\images\COUPON100.ufo --> ftp.agcfac.org.hk /var/www/html/images COUPON100.ufo
2010.07.07 15:41 B C:\AGCFAC website\images\COUPON20.jpg --> ftp.agcfac.org.hk /var/www/html/images COUPON20.jpg
2010.07.07 15:41 B C:\AGCFAC website\images\COUPON20.ufo --> ftp.agcfac.org.hk /var/www/html/images COUPON20.ufo
2010.07.07 15:41 B C:\AGCFAC website\images\COUPON50.jpg --> ftp.agcfac.org.hk /var/www/html/images COUPON50.jpg
2010.07.07 15:41 B C:\AGCFAC website\images\COUPON50.ufo --> ftp.agcfac.org.hk /var/www/html/images COUPON50.ufo
2010.07.07 15:41 B C:\AGCFAC website\images\fatherday_001.jpg --> ftp.agcfac.org.hk /var/www/html/images fatherday_001.jpg
2010.07.07 15:41 B C:\AGCFAC website\images\fm04_001.jpg --> ftp.agcfac.org.hk /var/www/html/images fm04_001.jpg
2010.07.07 15:41 B C:\AGCFAC website\images\fm05_001.jpg --> ftp.agcfac.org.hk /var/www/html/images fm05_001.jpg
2010.07.07 15:41 B C:\AGCFAC website\images\fm05_002.jpg --> ftp.agcfac.org.hk /var/www/html/images fm05_002.jpg
2010.07.07 15:41 B C:\AGCFAC website\images\fm05_002_1.jpg --> ftp.agcfac.org.hk /var/www/html/images fm05_002_1.jpg
2010.07.07 15:41 B C:\AGCFAC website\images\fm05_002a.jpg --> ftp.agcfac.org.hk /var/www/html/images fm05_002a.jpg
2010.07.07 15:41 B C:\AGCFAC website\images\fm05_002b.jpg --> ftp.agcfac.org.hk /var/www/html/images fm05_002b.jpg
2010.07.07 15:41 B C:\AGCFAC website\images\fm11.jpg --> ftp.agcfac.org.hk /var/www/html/images fm11.jpg
2010.07.07 15:41 B C:\AGCFAC website\images\fm11s.jpg --> ftp.agcfac.org.hk /var/www/html/images fm11s.jpg
2010.07.07 15:41 B C:\AGCFAC website\images\GDCover.JPG --> ftp.agcfac.org.hk /var/www/html/images GDCover.JPG
2010.07.07 15:41 B C:\AGCFAC website\images\header1.jpg --> ftp.agcfac.org.hk /var/www/html/images header1.jpg
2010.07.07 15:41 B C:\AGCFAC website\images\header2.jpg --> ftp.agcfac.org.hk /var/www/html/images header2.jpg
2010.07.07 15:41 B C:\AGCFAC website\images\header3.jpg --> ftp.agcfac.org.hk /var/www/html/images header3.jpg
2010.07.07 15:41 B C:\AGCFAC website\images\header4.jpg --> ftp.agcfac.org.hk /var/www/html/images header4.jpg
2010.07.07 15:41 B C:\AGCFAC website\images\header5.jpg --> ftp.agcfac.org.hk /var/www/html/images header5.jpg
2010.07.07 15:41 B C:\AGCFAC website\images\header7.jpg --> ftp.agcfac.org.hk /var/www/html/images header7.jpg
2010.07.07 15:41 B C:\AGCFAC website\images\icon631.gif --> ftp.agcfac.org.hk /var/www/html/images icon631.gif
2010.07.07 15:41 B C:\AGCFAC website\images\janmar2009.jpg --> ftp.agcfac.org.hk /var/www/html/images janmar2009.jpg
2010.07.07 15:41 B C:\AGCFAC website\images\library.jpg --> ftp.agcfac.org.hk /var/www/html/images library.jpg
2010.07.07 15:41 B C:\AGCFAC website\images\luner_newyear.jpg --> ftp.agcfac.org.hk /var/www/html/images luner_newyear.jpg
2010.07.07 15:41 B C:\AGCFAC website\images\luner_newyear1_small.jpg --> ftp.agcfac.org.hk /var/www/html/images luner_newyear1_small.jpg
2010.07.07 15:41 B C:\AGCFAC website\images\luner_newyear_small.jpg --> ftp.agcfac.org.hk /var/www/html/images luner_newyear_small.jpg
2010.07.07 15:41 B C:\AGCFAC website\images\map and open hour.jpg --> ftp.agcfac.org.hk /var/www/html/images map and open hour.jpg
2010.07.07 15:41 B C:\AGCFAC website\images\member01.jpg --> ftp.agcfac.org.hk /var/www/html/images member01.jpg
2010.07.07 15:41 B C:\AGCFAC website\images\member01.png --> ftp.agcfac.org.hk /var/www/html/images member01.png
2010.07.07 15:41 B C:\AGCFAC website\images\mm0708.jpg --> ftp.agcfac.org.hk /var/www/html/images mm0708.jpg
2010.07.07 15:41 B C:\AGCFAC website\images\news.jpg --> ftp.agcfac.org.hk /var/www/html/images news.jpg
2010.07.07 15:41 B C:\AGCFAC website\images\news.png --> ftp.agcfac.org.hk /var/www/html/images news.png
2010.07.07 15:41 B C:\AGCFAC website\images\ngipaward.JPG --> ftp.agcfac.org.hk /var/www/html/images ngipaward.JPG
2010.07.07 15:41 B C:\AGCFAC website\images\nov_to_jan1.jpg --> ftp.agcfac.org.hk /var/www/html/images nov_to_jan1.jpg
2010.07.07 15:41 B C:\AGCFAC website\images\novdec2008.jpg --> ftp.agcfac.org.hk /var/www/html/images novdec2008.jpg
2010.07.07 15:41 B C:\AGCFAC website\images\police.jpg --> ftp.agcfac.org.hk /var/www/html/images police.jpg
2010.07.07 15:41 B C:\AGCFAC website\images\police1.jpg --> ftp.agcfac.org.hk /var/www/html/images police1.jpg
2010.07.07 15:41 B C:\AGCFAC website\images\police2.jpg --> ftp.agcfac.org.hk /var/www/html/images police2.jpg
2010.07.07 15:41 B C:\AGCFAC website\images\poster_competition.JPG --> ftp.agcfac.org.hk /var/www/html/images poster_competition.JPG
2010.07.07 15:41 B C:\AGCFAC website\images\sep_to_nov1.jpg --> ftp.agcfac.org.hk /var/www/html/images sep_to_nov1.jpg
2010.07.07 15:41 B C:\AGCFAC website\images\sep_to_nov2.jpg --> ftp.agcfac.org.hk /var/www/html/images sep_to_nov2.jpg
2010.07.07 15:41 B C:\AGCFAC website\images\septonov2009.jpg --> ftp.agcfac.org.hk /var/www/html/images septonov2009.jpg
2010.07.07 15:41 B C:\AGCFAC website\images\summer program2008.jpg --> ftp.agcfac.org.hk /var/www/html/images summer program2008.jpg
2010.07.07 15:41 B C:\AGCFAC website\images\summer program20081.jpg --> ftp.agcfac.org.hk /var/www/html/images summer program20081.jpg
2010.07.07 15:41 B C:\AGCFAC website\images\summer.png --> ftp.agcfac.org.hk /var/www/html/images summer.png
2010.07.07 15:41 B C:\AGCFAC website\images\summer09.jpg --> ftp.agcfac.org.hk /var/www/html/images summer09.jpg
2010.07.07 15:41 B C:\AGCFAC website\images\summer09.ufo --> ftp.agcfac.org.hk /var/www/html/images summer09.ufo
2010.07.07 15:41 B C:\AGCFAC website\images\summer09_1.jpg --> ftp.agcfac.org.hk /var/www/html/images summer09_1.jpg
2010.07.07 15:41 B C:\AGCFAC website\images\Summer2010cover.jpg --> ftp.agcfac.org.hk /var/www/html/images Summer2010cover.jpg
2010.07.07 15:41 B C:\AGCFAC website\images\summer_hot.jpg --> ftp.agcfac.org.hk /var/www/html/images summer_hot.jpg
2010.07.07 15:41 B C:\AGCFAC website\images\summer_hot2.jpg --> ftp.agcfac.org.hk /var/www/html/images summer_hot2.jpg
2010.07.07 15:41 B C:\AGCFAC website\images\summer_kid1.jpg --> ftp.agcfac.org.hk /var/www/html/images summer_kid1.jpg
2010.07.07 15:41 B C:\AGCFAC website\images\summer_kid2.jpg --> ftp.agcfac.org.hk /var/www/html/images summer_kid2.jpg
2010.07.07 15:41 B C:\AGCFAC website\images\summer_program.jpg --> ftp.agcfac.org.hk /var/www/html/images summer_program.jpg
2010.07.07 15:41 B C:\AGCFAC website\images\summer_program2.jpg --> ftp.agcfac.org.hk /var/www/html/images summer_program2.jpg
2010.07.07 15:41 B C:\AGCFAC website\images\summer_promote.psd --> ftp.agcfac.org.hk /var/www/html/images summer_promote.psd
2010.07.07 15:41 B C:\AGCFAC website\images\summerpromote.jpg --> ftp.agcfac.org.hk /var/www/html/images summerpromote.jpg
2010.07.07 15:41 B C:\AGCFAC website\images\Thumbs.db --> ftp.agcfac.org.hk /var/www/html/images Thumbs.db
2010.07.07 15:41 B C:\AGCFAC website\images\video.jpg --> ftp.agcfac.org.hk /var/www/html/images video.jpg
2010.07.07 15:41 B C:\AGCFAC website\images\video2.jpg --> ftp.agcfac.org.hk /var/www/html/images video2.jpg
2010.07.07 15:41 B C:\AGCFAC website\images\video3.jpg --> ftp.agcfac.org.hk /var/www/html/images video3.jpg
2010.07.07 15:41 B C:\AGCFAC website\images\visit1.jpg --> ftp.agcfac.org.hk /var/www/html/images visit1.jpg
2010.07.07 15:41 B C:\AGCFAC website\images\WS_FTP.LOG --> ftp.agcfac.org.hk /var/www/html/images WS_FTP.LOG
2010.07.07 15:41 B C:\AGCFAC website\images\youth1.jpg --> ftp.agcfac.org.hk /var/www/html/images youth1.jpg
2010.08.11 16:04 B C:\AGCFAC website\images\201009-11_COVER.jpg --> ftp.agcfac.org.hk /var/www/html/images 201009-11_COVER.jpg
2010.10.02 12:01 B C:\AGCFAC website\images\CG14.jpg --> ftp.agcfac.org.hk /httpdocs/images CG14.jpg
2010.10.28 21:49 B C:\AGCFAC website\images\201012-02cover.jpg --> ftp.agcfac.org.hk /httpdocs/images 201012-02cover.jpg
2010.10.28 21:49 B C:\AGCFAC website\images\CG14.jpg --> ftp.agcfac.org.hk /httpdocs/images CG14.jpg
2010.10.28 21:49 B C:\AGCFAC website\images\CG14-2.jpg --> ftp.agcfac.org.hk /httpdocs/images CG14-2.jpg
2011.01.13 14:40 B C:\AGCFAC website\images\201012-02cover.jpg --> ftp.agcfac.org.hk /httpdocs/images 201012-02cover.jpg
2011.01.22 12:49 B C:\AGCFAC website\images\201103-06.jpg --> ftp.agcfac.org.hk /httpdocs/images 201103-06.jpg
2011.03.31 12:49 B C:\AGCFAC website\images\2011summer.jpg --> ftp.agcfac.org.hk /httpdocs/images 2011summer.jpg
2011.03.31 12:49 B C:\AGCFAC website\images\50CASH.jpg --> ftp.agcfac.org.hk /httpdocs/images 50CASH.jpg
2011.03.31 12:49 B C:\AGCFAC website\images\20CASH.jpg --> ftp.agcfac.org.hk /httpdocs/images 20CASH.jpg
2011.03.31 12:49 B C:\AGCFAC website\images\100CASH.jpg --> ftp.agcfac.org.hk /httpdocs/images 100CASH.jpg
2011.04.14 12:39 B C:\AGCFAC website\images\familycover.JPG --> ftp.agcfac.org.hk /httpdocs/images familycover.JPG
2011.04.27 17:11 B C:\AGCFAC website\images\MothersDayBanner2011.jpg --> ftp.agcfac.org.hk /httpdocs/images MothersDayBanner2011.jpg
2011.04.27 17:29 B C:\AGCFAC website\images\SC25311042717230.jpg --> ftp.agcfac.org.hk /httpdocs/images SC25311042717230.jpg
2011.05.13 16:46 B C:\AGCFAC website\images\photocover.JPG --> ftp.agcfac.org.hk /httpdocs/images photocover.JPG
2011.05.13 16:47 B C:\AGCFAC website\images\FathersDay2011.jpg --> ftp.agcfac.org.hk /httpdocs/images FathersDay2011.jpg
2011.05.13 16:47 B C:\AGCFAC website\images\agcfacFathersDay2011.jpg --> ftp.agcfac.org.hk /httpdocs/images agcfacFathersDay2011.jpg
2011.09.06 11:30 B C:\AGCFAC website\images\201109-11.jpg --> ftp.agcfac.org.hk /httpdocs/images 201109-11.jpg
2011.10.29 11:52 B C:\AGCFAC website\images\201112-02.jpg --> ftp.agcfac.org.hk /httpdocs/images 201112-02.jpg
2012.03.19 11:33 B C:\AGCFAC website\images\2012summer.jpg --> ftp.agcfac.org.hk /httpdocs/images 2012summer.jpg
2012.03.19 11:33 B C:\AGCFAC website\images\201204-06.jpg --> ftp.agcfac.org.hk /httpdocs/images 201204-06.jpg
2012.04.19 21:49 B C:\AGCFAC website\images\2012EasterGD.jpg --> ftp.agcfac.org.hk /httpdocs/images 2012EasterGD.jpg
2012.10.16 10:39 B C:\AGCFAC website\images\201209-12.jpg --> ftp.agcfac.org.hk /httpdocs/images 201209-12.jpg
2013.01.19 13:18 B C:\AGCFAC website\images\20130103.jpg --> ftp.agcfac.org.hk /httpdocs/images 20130103.jpg
2013.03.18 15:45 B C:\AGCFAC website\images\loveideas2.jpg --> ftp.agcfac.org.hk /httpdocs/images loveideas2.jpg
2013.03.18 15:45 B C:\AGCFAC website\images\loveideas1.jpg --> ftp.agcfac.org.hk /httpdocs/images loveideas1.jpg
2013.03.18 15:45 B C:\AGCFAC website\images\loveideas.jpg --> ftp.agcfac.org.hk /httpdocs/images loveideas.jpg
2013.03.18 15:45 B C:\AGCFAC website\images\2012summer.jpg --> ftp.agcfac.org.hk /httpdocs/images 2012summer.jpg
2013.03.18 15:45 B C:\AGCFAC website\images\CellCover.jpg --> ftp.agcfac.org.hk /httpdocs/images CellCover.jpg
2013.03.18 15:45 B C:\AGCFAC website\images\20130406.jpg --> ftp.agcfac.org.hk /httpdocs/images 20130406.jpg
2013.04.23 10:48 B C:\AGCFAC website\images\2013SUMMER.jpg --> ftp.agcfac.org.hk /httpdocs/images 2013SUMMER.jpg
2014.01.14 14:41 B C:\AGCFAC website\images\20140103.jpg --> ftp.agcfac.org.hk /httpdocs/images 20140103.jpg
2014.01.14 14:45 B C:\AGCFAC website\images\FM10.jpg --> ftp.agcfac.org.hk /httpdocs/images FM10.jpg
2014.02.17 15:24 B C:\AGCFAC website\images\20140406.jpg --> ftp.agcfac.org.hk /httpdocs/images 20140406.jpg
2014.02.17 15:24 B C:\AGCFAC website\images\201402talk.jpg --> ftp.agcfac.org.hk /httpdocs/images 201402talk.jpg
2014.03.06 15:13 B C:\AGCFAC website\images\0406CG.jpg --> ftp.agcfac.org.hk /httpdocs/images 0406CG.jpg
2014.03.06 15:13 B C:\AGCFAC website\images\20140406.jpg --> ftp.agcfac.org.hk /httpdocs/images 20140406.jpg
2014.03.06 15:17 B C:\AGCFAC website\images\0406CG2.jpg --> ftp.agcfac.org.hk /httpdocs/images 0406CG2.jpg
2014.04.07 14:33 B C:\AGCFAC website\images\2014SUMMER.jpg --> ftp.agcfac.org.hk /httpdocs/images 2014SUMMER.jpg
2014.04.09 15:34 B C:\AGCFAC website\images\20140406.jpg --> ftp.agcfac.org.hk /httpdocs/images 20140406.jpg
2014.04.09 15:34 B C:\AGCFAC website\images\2014SUMMER.jpg --> ftp.agcfac.org.hk /httpdocs/images 2014SUMMER.jpg
2014.04.09 15:34 B C:\AGCFAC website\images\comchestlogo.jpg --> ftp.agcfac.org.hk /httpdocs/images comchestlogo.jpg
2014.04.09 15:34 B C:\AGCFAC website\images\WG_bilingual_colour.jpg --> ftp.agcfac.org.hk /httpdocs/images WG_bilingual_colour.jpg
2014.04.09 15:34 B C:\AGCFAC website\images\hi-124-1.png --> ftp.agcfac.org.hk /httpdocs/images hi-124-1.png
2014.08.15 12:59 B C:\AGCFAC website\images\20140912.jpg --> ftp.agcfac.org.hk /httpdocs/images 20140912.jpg
