2014.07.30 17:01 B C:\AGCFAC website\photos\TopPhoto\res\blue-brain-dark-down.gif --> ftp.agcfac.org.hk /httpdocs/photos/TopPhoto/res blue-brain-dark-down.gif
2014.07.30 17:01 B C:\AGCFAC website\photos\TopPhoto\res\blue-brain-dark.gif --> ftp.agcfac.org.hk /httpdocs/photos/TopPhoto/res blue-brain-dark.gif
2014.07.30 17:01 B C:\AGCFAC website\photos\TopPhoto\res\blue-ground.gif --> ftp.agcfac.org.hk /httpdocs/photos/TopPhoto/res blue-ground.gif
2014.07.30 17:01 B C:\AGCFAC website\photos\TopPhoto\res\download.gif --> ftp.agcfac.org.hk /httpdocs/photos/TopPhoto/res download.gif
2014.07.30 17:01 B C:\AGCFAC website\photos\TopPhoto\res\gray-brain-dark-down.gif --> ftp.agcfac.org.hk /httpdocs/photos/TopPhoto/res gray-brain-dark-down.gif
2014.07.30 17:01 B C:\AGCFAC website\photos\TopPhoto\res\gray-brain-dark.gif --> ftp.agcfac.org.hk /httpdocs/photos/TopPhoto/res gray-brain-dark.gif
2014.07.30 17:01 B C:\AGCFAC website\photos\TopPhoto\res\gray-ground.gif --> ftp.agcfac.org.hk /httpdocs/photos/TopPhoto/res gray-ground.gif
2014.07.30 17:01 B C:\AGCFAC website\photos\TopPhoto\res\green-brain-dark-down.gif --> ftp.agcfac.org.hk /httpdocs/photos/TopPhoto/res green-brain-dark-down.gif
2014.07.30 17:01 B C:\AGCFAC website\photos\TopPhoto\res\green-brain-dark.gif --> ftp.agcfac.org.hk /httpdocs/photos/TopPhoto/res green-brain-dark.gif
2014.07.30 17:01 B C:\AGCFAC website\photos\TopPhoto\res\green-ground.gif --> ftp.agcfac.org.hk /httpdocs/photos/TopPhoto/res green-ground.gif
2014.07.30 17:01 B C:\AGCFAC website\photos\TopPhoto\res\index.jpg --> ftp.agcfac.org.hk /httpdocs/photos/TopPhoto/res index.jpg
2014.07.30 17:01 B C:\AGCFAC website\photos\TopPhoto\res\next-1.gif --> ftp.agcfac.org.hk /httpdocs/photos/TopPhoto/res next-1.gif
2014.07.30 17:01 B C:\AGCFAC website\photos\TopPhoto\res\next.gif --> ftp.agcfac.org.hk /httpdocs/photos/TopPhoto/res next.gif
2014.07.30 17:01 B C:\AGCFAC website\photos\TopPhoto\res\next_disabled-1.gif --> ftp.agcfac.org.hk /httpdocs/photos/TopPhoto/res next_disabled-1.gif
2014.07.30 17:01 B C:\AGCFAC website\photos\TopPhoto\res\next_disabled.gif --> ftp.agcfac.org.hk /httpdocs/photos/TopPhoto/res next_disabled.gif
2014.07.30 17:01 B C:\AGCFAC website\photos\TopPhoto\res\orange-brain-dark-down.gif --> ftp.agcfac.org.hk /httpdocs/photos/TopPhoto/res orange-brain-dark-down.gif
2014.07.30 17:01 B C:\AGCFAC website\photos\TopPhoto\res\orange-brain-dark.gif --> ftp.agcfac.org.hk /httpdocs/photos/TopPhoto/res orange-brain-dark.gif
2014.07.30 17:01 B C:\AGCFAC website\photos\TopPhoto\res\orange-ground.gif --> ftp.agcfac.org.hk /httpdocs/photos/TopPhoto/res orange-ground.gif
2014.07.30 17:01 B C:\AGCFAC website\photos\TopPhoto\res\previous-1.gif --> ftp.agcfac.org.hk /httpdocs/photos/TopPhoto/res previous-1.gif
2014.07.30 17:01 B C:\AGCFAC website\photos\TopPhoto\res\previous.gif --> ftp.agcfac.org.hk /httpdocs/photos/TopPhoto/res previous.gif
2014.07.30 17:01 B C:\AGCFAC website\photos\TopPhoto\res\previous_disabled-1.gif --> ftp.agcfac.org.hk /httpdocs/photos/TopPhoto/res previous_disabled-1.gif
2014.07.30 17:01 B C:\AGCFAC website\photos\TopPhoto\res\previous_disabled.gif --> ftp.agcfac.org.hk /httpdocs/photos/TopPhoto/res previous_disabled.gif
2014.07.30 17:01 B C:\AGCFAC website\photos\TopPhoto\res\styles.css --> ftp.agcfac.org.hk /httpdocs/photos/TopPhoto/res styles.css
